Determining if the pthread_create exist failed with the following output:
Change Dir: /home/baxter/ros_ws/src/baxter_srv/build/CMakeFiles/CMakeTmp

Run Build Command:/usr/bin/make "cmTryCompileExec2712296768/fast"
make[1]: Entering directory `/home/baxter/ros_ws/src/baxter_srv/build/CMakeFiles/CMakeTmp'
/usr/bin/make -f CMakeFiles/cmTryCompileExec2712296768.dir/build.make CMakeFiles/cmTryCompileExec2712296768.dir/build
make[2]: Entering directory `/home/baxter/ros_ws/src/baxter_srv/build/CMakeFiles/CMakeTmp'
/usr/bin/cmake -E cmake_progress_report /home/baxter/ros_ws/src/baxter_srv/build/CMakeFiles/CMakeTmp/CMakeFiles 1
Building C object CMakeFiles/cmTryCompileExec2712296768.dir/CheckSymbolExists.c.o
/usr/bin/cc    -o CMakeFiles/cmTryCompileExec2712296768.dir/CheckSymbolExists.c.o   -c /home/baxter/ros_ws/src/baxter_srv/build/CMakeFiles/CMakeTmp/CheckSymbolExists.c
Linking C executable cmTryCompileExec2712296768
/usr/bin/cmake -E cmake_link_script CMakeFiles/cmTryCompileExec2712296768.dir/link.txt --verbose=1
/usr/bin/cc       CMakeFiles/cmTryCompileExec2712296768.dir/CheckSymbolExists.c.o  -o cmTryCompileExec2712296768 -rdynamic 
CMakeFiles/cmTryCompileExec2712296768.dir/CheckSymbolExists.c.o: In function `main':
CheckSymbolExists.c:(.text+0x16): undefined reference to `pthread_create'
collect2: error: ld returned 1 exit status
make[2]: *** [cmTryCompileExec2712296768] Error 1
make[2]: Leaving directory `/home/baxter/ros_ws/src/baxter_srv/build/CMakeFiles/CMakeTmp'
make[1]: *** [cmTryCompileExec2712296768/fast] Error 2
make[1]: Leaving directory `/home/baxter/ros_ws/src/baxter_srv/build/CMakeFiles/CMakeTmp'

File /home/baxter/ros_ws/src/baxter_srv/build/CMakeFiles/CMakeTmp/CheckSymbolExists.c:
/* */
#include <pthread.h>

int main(int argc, char** argv)
{
  (void)argv;
#ifndef pthread_create
  return ((int*)(&pthread_create))[argc];
#else
  (void)argc;
  return 0;
#endif
}

Determining if the function pthread_create exists in the pthreads failed with the following output:
Change Dir: /home/baxter/ros_ws/src/baxter_srv/build/CMakeFiles/CMakeTmp

Run Build Command:/usr/bin/make "cmTryCompileExec2608370734/fast"
make[1]: Entering directory `/home/baxter/ros_ws/src/baxter_srv/build/CMakeFiles/CMakeTmp'
/usr/bin/make -f CMakeFiles/cmTryCompileExec2608370734.dir/build.make CMakeFiles/cmTryCompileExec2608370734.dir/build
make[2]: Entering directory `/home/baxter/ros_ws/src/baxter_srv/build/CMakeFiles/CMakeTmp'
/usr/bin/cmake -E cmake_progress_report /home/baxter/ros_ws/src/baxter_srv/build/CMakeFiles/CMakeTmp/CMakeFiles 1
Building C object CMakeFiles/cmTryCompileExec2608370734.dir/CheckFunctionExists.c.o
/usr/bin/cc   -DCHECK_FUNCTION_EXISTS=pthread_create   -o CMakeFiles/cmTryCompileExec2608370734.dir/CheckFunctionExists.c.o   -c /usr/share/cmake-2.8/Modules/CheckFunctionExists.c
Linking C executable cmTryCompileExec2608370734
/usr/bin/cmake -E cmake_link_script CMakeFiles/cmTryCompileExec2608370734.dir/link.txt --verbose=1
/usr/bin/cc   -DCHECK_FUNCTION_EXISTS=pthread_create    CMakeFiles/cmTryCompileExec2608370734.dir/CheckFunctionExists.c.o  -o cmTryCompileExec2608370734 -rdynamic -lpthreads 
/usr/bin/ld: cannot find -lpthreads
collect2: error: ld returned 1 exit status
make[2]: *** [cmTryCompileExec2608370734] Error 1
make[2]: Leaving directory `/home/baxter/ros_ws/src/baxter_srv/build/CMakeFiles/CMakeTmp'
make[1]: *** [cmTryCompileExec2608370734/fast] Error 2
make[1]: Leaving directory `/home/baxter/ros_ws/src/baxter_srv/build/CMakeFiles/CMakeTmp'


